This is XeTeX, Version 3.14159265-2.6-0.99998 (TeX Live 2017/Debian) (preloaded format=xelatex 2020.8.28)  29 JUN 2022 20:38
entering extended mode
 restricted \write18 enabled.
 %&-line parsing enabled.
**acet.tex
(./acet.tex
LaTeX2e <2017-04-15>
Babel <3.18> and hyphenation patterns for 26 language(s) loaded.
(/usr/share/texlive/texmf-dist/tex/latex/base/article.cls
Document Class: article 2014/09/29 v1.4h Standard LaTeX document class
(/usr/share/texlive/texmf-dist/tex/latex/base/size11.clo
File: size11.clo 2014/09/29 v1.4h Standard LaTeX file (size option)
)
\c@part=\count79
\c@section=\count80
\c@subsection=\count81
\c@subsubsection=\count82
\c@paragraph=\count83
\c@subparagraph=\count84
\c@figure=\count85
\c@table=\count86
\abovecaptionskip=\skip41
\belowcaptionskip=\skip42
\bibindent=\dimen102
) (./acet.sty
Submission Style for IJCKS2007 (ifdim fixed version)
) (/usr/share/texlive/texmf-dist/tex/latex/psnfss/times.sty
Package: times 2005/04/12 PSNFSS-v9.2a (SPQR) 
)
(/usr/share/texlive/texmf-dist/tex/latex/base/latexsym.sty
Package: latexsym 1998/08/17 v2.2e Standard LaTeX package (lasy symbols)
\symlasy=\mathgroup4
LaTeX Font Info:    Overwriting symbol font `lasy' in version `bold'
(Font)                  U/lasy/m/n --> U/lasy/b/n on input line 52.
)
(/usr/share/texlive/texmf-dist/tex/latex/url/url.sty
\Urlmuskip=\muskip10
Package: url 2013/09/16  ver 3.4  Verb mode for urls, etc.
)
(/usr/share/texlive/texmf-dist/tex/latex/graphics/color.sty
Package: color 2016/07/10 v1.1e Standard LaTeX Color (DPC)

(/usr/share/texlive/texmf-dist/tex/latex/graphics-cfg/color.cfg
File: color.cfg 2016/01/02 v1.6 sample color configuration
)
Package color Info: Driver file: xetex.def on input line 147.

(/usr/share/texlive/texmf-dist/tex/latex/graphics-def/xetex.def
File: xetex.def 2017/06/24 v5.0h Graphics/color driver for xetex
))
(/usr/share/texlive/texmf-dist/tex/latex/graphics/graphicx.sty
Package: graphicx 2017/06/01 v1.1a Enhanced LaTeX Graphics (DPC,SPQR)

(/usr/share/texlive/texmf-dist/tex/latex/graphics/keyval.sty
Package: keyval 2014/10/28 v1.15 key=value parser (DPC)
\KV@toks@=\toks14
)
(/usr/share/texlive/texmf-dist/tex/latex/graphics/graphics.sty
Package: graphics 2017/06/25 v1.2c Standard LaTeX Graphics (DPC,SPQR)

(/usr/share/texlive/texmf-dist/tex/latex/graphics/trig.sty
Package: trig 2016/01/03 v1.10 sin cos tan (DPC)
)
(/usr/share/texlive/texmf-dist/tex/latex/graphics-cfg/graphics.cfg
File: graphics.cfg 2016/06/04 v1.11 sample graphics configuration
)
Package graphics Info: Driver file: xetex.def on input line 99.
)
\Gin@req@height=\dimen103
\Gin@req@width=\dimen104
)
(./acet.aux)
\openout1 = `acet.aux'.

LaTeX Font Info:    Checking defaults for OML/cmm/m/it on input line 31.
LaTeX Font Info:    ... okay on input line 31.
LaTeX Font Info:    Checking defaults for T1/cmr/m/n on input line 31.
LaTeX Font Info:    ... okay on input line 31.
LaTeX Font Info:    Checking defaults for OT1/cmr/m/n on input line 31.
LaTeX Font Info:    ... okay on input line 31.
LaTeX Font Info:    Checking defaults for OMS/cmsy/m/n on input line 31.
LaTeX Font Info:    ... okay on input line 31.
LaTeX Font Info:    Checking defaults for TU/lmr/m/n on input line 31.
LaTeX Font Info:    ... okay on input line 31.
LaTeX Font Info:    Checking defaults for OMX/cmex/m/n on input line 31.
LaTeX Font Info:    ... okay on input line 31.
LaTeX Font Info:    Checking defaults for U/cmr/m/n on input line 31.
LaTeX Font Info:    ... okay on input line 31.
LaTeX Font Info:    Try loading font information for TU+ptm on input line 31.
LaTeX Font Info:    No file TUptm.fd. on input line 31.


LaTeX Font Warning: Font shape `TU/ptm/m/n' undefined
(Font)              using `TU/lmr/m/n' instead on input line 31.


LaTeX Font Warning: Font shape `TU/ptm/bx/n' undefined
(Font)              using `TU/ptm/m/n' instead on input line 32.

LaTeX Font Info:    External font `cmex10' loaded for size
(Font)              <12> on input line 32.
LaTeX Font Info:    External font `cmex10' loaded for size
(Font)              <8> on input line 32.
LaTeX Font Info:    External font `cmex10' loaded for size
(Font)              <6> on input line 32.
LaTeX Font Info:    Try loading font information for U+lasy on input line 32.
(/usr/share/texlive/texmf-dist/tex/latex/base/ulasy.fd
File: ulasy.fd 1998/08/17 v2.2e LaTeX symbol font definitions
)
LaTeX Font Info:    Try loading font information for TU+pcr on input line 32.
LaTeX Font Info:    No file TUpcr.fd. on input line 32.


LaTeX Font Warning: Font shape `TU/pcr/m/n' undefined
(Font)              using `TU/lmr/m/n' instead on input line 32.

LaTeX Font Info:    External font `cmex10' loaded for size
(Font)              <10.95> on input line 61.

Underfull \vbox (badness 3668) has occurred while \output is active []

 [0



]
File: ./fig/ACET_logo.pdf Graphic file (type pdf)
<use ./fig/ACET_logo.pdf>

[1]
Underfull \hbox (badness 5771) in paragraph at lines 165--166
\TU/pcr/m/n/10.95 The maximum length of camera-ready
 []


Underfull \hbox (badness 1142) in paragraph at lines 165--166
\TU/pcr/m/n/10.95 ences. All illustrations, references, and
 []


Underfull \hbox (badness 4378) in paragraph at lines 169--174
\TU/pcr/m/n/10.95 For more information or queries com-
 []

(./acet.bbl

LaTeX Font Warning: Font shape `TU/ptm/m/it' undefined
(Font)              using `TU/ptm/m/n' instead on input line 6.


Underfull \hbox (badness 1874) in paragraph at lines 4--7
\TU/pcr/m/n/10.95 Association for computing machinery.
 []


Underfull \hbox (badness 10000) in paragraph at lines 4--7
\TU/pcr/m/n/10.95 Computing Reviews, 24(11):503–512,
 []


Underfull \hbox (badness 10000) in paragraph at lines 9--12
[]\TU/ptm/m/it/10.95 American Psychological Association.
 []


Underfull \hbox (badness 1072) in paragraph at lines 9--12
\TU/ptm/m/it/10.95 logical Association, Washington, DC.,
 []


Underfull \hbox (badness 2409) in paragraph at lines 14--19
\TU/ptm/m/it/10.95 and Eiichiro Sumita.  Khmer word
 []


Underfull \hbox (badness 1748) in paragraph at lines 21--25
\TU/ptm/m/it/10.95 Finch, Masao Utiyama, and Eiichiro
 []

) [2] (./acet.aux)

LaTeX Font Warning: Some font shapes were not available, defaults substituted.

 ) 
Here is how much of TeX's memory you used:
 831 strings out of 494558
 10655 string characters out of 6167440
 77799 words of memory out of 5000000
 4723 multiletter control sequences out of 15000+600000
 7748 words of font info for 34 fonts, out of 8000000 for 9000
 264 hyphenation exceptions out of 8191
 25i,12n,19p,379b,290s stack positions out of 5000i,500n,10000p,200000b,80000s

Output written on acet.pdf (3 pages).
